Plugin v0.0.1 running on KiCad 8.0.6 and Python 3.12.7 (main, Oct  1 2024, 11:15:50) [GCC 14.2.1 20240910] on linux.
Imported /home/jonathan/Programming/Workspace/Keyboards/jchamer_cheapino/pcb/KeySwitch_RGB.kicad_pcb, with 6 footprints, 69 tracks, and 0 drawings.
Imported /home/jonathan/Programming/Workspace/Keyboards/jchamer_cheapino/pcb/Underglow_LED.kicad_pcb, with 3 footprints, 0 tracks, and 0 drawings.
Imported /home/jonathan/Programming/Workspace/Keyboards/jchamer_cheapino/pcb/cheapino.kicad_pcb, with 191 footprints, 1242 tracks, and 49 drawings.
Root (+ PCB /home/jonathan/Programming/Workspace/Keyboards/jchamer_cheapino/pcb/cheapino.kicad_pcb)
├─ Lighting
│  ├─ Underglow_LED0 (+ PCB /home/jonathan/Programming/Workspace/Keyboards/jchamer_cheapino/pcb/Underglow_LED.kicad_pcb)
│  ├─ Underglow_LED1 (+ PCB /home/jonathan/Programming/Workspace/Keyboards/jchamer_cheapino/pcb/Underglow_LED.kicad_pcb)
│  ├─ Underglow_LED5 (+ PCB /home/jonathan/Programming/Workspace/Keyboards/jchamer_cheapino/pcb/Underglow_LED.kicad_pcb)
│  ├─ Underglow_LED3 (+ PCB /home/jonathan/Programming/Workspace/Keyboards/jchamer_cheapino/pcb/Underglow_LED.kicad_pcb)
│  ├─ Underglow_LED2 (+ PCB /home/jonathan/Programming/Workspace/Keyboards/jchamer_cheapino/pcb/Underglow_LED.kicad_pcb)
│  ├─ Underglow_LED4 (+ PCB /home/jonathan/Programming/Workspace/Keyboards/jchamer_cheapino/pcb/Underglow_LED.kicad_pcb)
├─ Microcontroller
├─ ExtConnectors
├─ KeySwitches
│  ├─ KeySwitch_RGB_1_1 (+ PCB /home/jonathan/Programming/Workspace/Keyboards/jchamer_cheapino/pcb/KeySwitch_RGB.kicad_pcb)
│  ├─ KeySwitch_RGB_1_3 (+ PCB /home/jonathan/Programming/Workspace/Keyboards/jchamer_cheapino/pcb/KeySwitch_RGB.kicad_pcb)
│  ├─ KeySwitch_RGB_6_2 (+ PCB /home/jonathan/Programming/Workspace/Keyboards/jchamer_cheapino/pcb/KeySwitch_RGB.kicad_pcb)
│  ├─ KeySwitch_RGB_3_3 (+ PCB /home/jonathan/Programming/Workspace/Keyboards/jchamer_cheapino/pcb/KeySwitch_RGB.kicad_pcb)
│  ├─ KeySwitch_RGB_4_3 (+ PCB /home/jonathan/Programming/Workspace/Keyboards/jchamer_cheapino/pcb/KeySwitch_RGB.kicad_pcb)
│  ├─ KeySwitch_RGB_1_2 (+ PCB /home/jonathan/Programming/Workspace/Keyboards/jchamer_cheapino/pcb/KeySwitch_RGB.kicad_pcb)
│  ├─ KeySwitch_RGB_4_1 (+ PCB /home/jonathan/Programming/Workspace/Keyboards/jchamer_cheapino/pcb/KeySwitch_RGB.kicad_pcb)
│  ├─ KeySwitch_RGB_2_1 (+ PCB /home/jonathan/Programming/Workspace/Keyboards/jchamer_cheapino/pcb/KeySwitch_RGB.kicad_pcb)
│  ├─ KeySwitch_RGB_2_3 (+ PCB /home/jonathan/Programming/Workspace/Keyboards/jchamer_cheapino/pcb/KeySwitch_RGB.kicad_pcb)
│  ├─ KeySwitch_RGB_3_2 (+ PCB /home/jonathan/Programming/Workspace/Keyboards/jchamer_cheapino/pcb/KeySwitch_RGB.kicad_pcb)
│  ├─ KeySwitch_RGB_5_3 (+ PCB /home/jonathan/Programming/Workspace/Keyboards/jchamer_cheapino/pcb/KeySwitch_RGB.kicad_pcb)
│  ├─ KeySwitch_RGB_2_2 (+ PCB /home/jonathan/Programming/Workspace/Keyboards/jchamer_cheapino/pcb/KeySwitch_RGB.kicad_pcb)
│  ├─ KeySwitch_RGB_4_2 (+ PCB /home/jonathan/Programming/Workspace/Keyboards/jchamer_cheapino/pcb/KeySwitch_RGB.kicad_pcb)
│  ├─ KeySwitch_RGB_6_1 (+ PCB /home/jonathan/Programming/Workspace/Keyboards/jchamer_cheapino/pcb/KeySwitch_RGB.kicad_pcb)
│  ├─ KeySwitch_RGB_5_1 (+ PCB /home/jonathan/Programming/Workspace/Keyboards/jchamer_cheapino/pcb/KeySwitch_RGB.kicad_pcb)
│  ├─ KeySwitch_RGB_3_1 (+ PCB /home/jonathan/Programming/Workspace/Keyboards/jchamer_cheapino/pcb/KeySwitch_RGB.kicad_pcb)
│  ├─ KeySwitch_RGB_5_2 (+ PCB /home/jonathan/Programming/Workspace/Keyboards/jchamer_cheapino/pcb/KeySwitch_RGB.kicad_pcb)
│  ├─ KeySwitch_RGB_6_3 (+ PCB /home/jonathan/Programming/Workspace/Keyboards/jchamer_cheapino/pcb/KeySwitch_RGB.kicad_pcb)
PCB /home/jonathan/Programming/Workspace/Keyboards/jchamer_cheapino/pcb/KeySwitch_RGB.kicad_pcb
  /b1eb623a: C1
  /ebd59da3: D1
  /2996ad77: D2
  /c0ea8999: SW1
  /8d57feea: C2
  /09999237: D3
PCB /home/jonathan/Programming/Workspace/Keyboards/jchamer_cheapino/pcb/Underglow_LED.kicad_pcb
  /cdf7d856: D1
  /00752ed9: C1
  /07be4288: C2
PCB /home/jonathan/Programming/Workspace/Keyboards/jchamer_cheapino/pcb/cheapino.kicad_pcb
  /ef93f48f/3c42f885/2996ad77: D47
  /ef93f48f/3c42f885/09999237: D48
  /ef93f48f/3c42f885/ebd59da3: D46
  /ef93f48f/3c42f885/8d57feea: C48
  /ef93f48f/3c42f885/c0ea8999: SW18
  /ef93f48f/3c42f885/b1eb623a: C47
  /ef93f48f/83e6d0c2/09999237: D36
  /ef93f48f/83e6d0c2/b1eb623a: C39
  /ef93f48f/83e6d0c2/ebd59da3: D34
  /ef93f48f/83e6d0c2/2996ad77: D35
  /ef93f48f/83e6d0c2/8d57feea: C40
  /ef93f48f/83e6d0c2/c0ea8999: SW14
  /ef93f48f/df2afecb/c0ea8999: SW3
  /ef93f48f/df2afecb/b1eb623a: C17
  /ef93f48f/df2afecb/8d57feea: C18
  /ef93f48f/df2afecb/2996ad77: D2
  /23d46689/27d3218d/00752ed9: C63
  /ef93f48f/17124f3f/ebd59da3: D52
  /b2f85b86/b31c96f3: C10
  /b34632a7: H2
  /23d46689/6e6f60cc/00752ed9: C59
  /e6ab333d/24f6f185: R10
  /23d46689/1ad76d81/00752ed9: C53
  /23d46689/3a930ba8: R19
  /ef93f48f/d9a76fa1/b1eb623a: C43
  /b2f85b86/0c30e6a0: C6
  /b2f85b86/5721a1c6: R6
  /e6ab333d/34221e7e: R8
  /ef93f48f/e5cab2cf/ebd59da3: D10
  /33d193de: H6
  /b2f85b86/a5bfe35f: R1
  /b2f85b86/95736f7f: C13
  /e6ab333d/4f503580: U3
  /ef93f48f/e8befe47/b1eb623a: C31
  /23d46689/54676c20: R18
  /b2f85b86/67ec199e: C9
  /b2f85b86/50726cbb: C1
  /d6f3b8e3: FID2
  /23d46689/df4eda55/00752ed9: C61
  /b2f85b86/7f5bb86c: C11
  /e6ab333d/b5282910: U5
  /b2f85b86/9b0720d0: C14
  /ef93f48f/be806749/ebd59da3: D28
  /ef93f48f/ecd8499d/b1eb623a: C41
  /23d46689/c15bca5b: U8
  /23d46689/1e591b65/00752ed9: C55
  /ef93f48f/df3cfbf1/b1eb623a: C19
  /e6ab333d/057d75e2: R14
  /b2f85b86/e72a9aaa: R3
  /b2f85b86/21be2866: R5
  /b2f85b86/008ba9d4: Y1
  /e6ab333d/a3d341df: C16
  /ef93f48f/30ccafa7/b1eb623a: C29
  /23d46689/db7801ef/00752ed9: C57
  /03f43e76: H4
  /e6ab333d/7e8d7f90: J2
  /e6ab333d/3f9e5a21: R12
  /b2f85b86/1614b04d: C3
  /e6ab333d/6d324a16: R15
  /726cc1da: FID1
  /e6ab333d/28b53694: R7
  /ef93f48f/6cedff79/b1eb623a: C45
  /e6ab333d/a0cdc128: C15
  /08aa7c4e: H8
  /e6ab333d/0c90deae: J1
  /e6ab333d/e16f1cae: R13
  /b2f85b86/3dc7c463: C4
  /e6ab333d/6a963d07: R9
  /ef93f48f/dddeff84/b1eb623a: C37
  /b2f85b86/e965c53f: C8
  /b2f85b86/f525e1f2: C7
  /6408a85b: H7
  /95481933: H5
  /23d46689/68cdc090: U7
  /23d46689/6e6f60cc/cdf7d856: D58
  /b2f85b86/aae3a00b: C12
  /e6ab333d/4b18a8a7: J3
  /b2f85b86/5425afd2: SW2
  /ef93f48f/9977f95b: R16
  /b2f85b86/6f6a2ee6: R4
  /ef93f48f/de4f05d2/b1eb623a: C33
  /ef93f48f/be806749/b1eb623a: C35
  /ef93f48f/9fdd3845/b1eb623a: C25
  /d17d4225: H1
  /ef93f48f/9646306e/b1eb623a: C21
  /b2f85b86/023b0126: U2
  /ef93f48f/0fe1b816/b1eb623a: C27
  /b2f85b86/cd678c7b: C2
  /ae5ff0b1: FID3
  /ef93f48f/aa1bfbde/b1eb623a: C49
  /b2f85b86/1ee0d25b: U1
  /ef93f48f/17124f3f/b1eb623a: C51
  /ef93f48f/9b9354be: R17
  /2b09816d: H9
  /ef93f48f/df3cfbf1/ebd59da3: D4
  /b2f85b86/c3ab691e: SW1
  /e6ab333d/60cf749f: U6
  /b2f85b86/d211bf6d: C5
  /ef93f48f/e5cab2cf/b1eb623a: C23
  /f96e34a4: H3
  /e6ab333d/4f5141b1: R11
  /ef93f48f/6cedff79/8d57feea: C46
  /ef93f48f/30ccafa7/8d57feea: C30
  /b2f85b86/c7965477: R2
  /23d46689/db7801ef/07be4288: C58
  /ef93f48f/17124f3f/8d57feea: C52
  /2bbddd12: FID6
  /23d46689/1ad76d81/07be4288: C54
  /ef93f48f/be806749/8d57feea: C36
  /ef93f48f/ecd8499d/8d57feea: C42
  /ef93f48f/e5cab2cf/8d57feea: C24
  /ef93f48f/e8befe47/8d57feea: C32
  /ef93f48f/0fe1b816/8d57feea: C28
  /5c1cf44f: FID5
  /ef93f48f/9646306e/8d57feea: C22
  /ef93f48f/dddeff84/8d57feea: C38
  /23d46689/6e6f60cc/07be4288: C60
  /23d46689/1e591b65/07be4288: C56
  /ef93f48f/df3cfbf1/8d57feea: C20
  /23d46689/df4eda55/07be4288: C62
  /e6ab333d/36f39b83: U4
  /8b77d0b4: FID4
  /ef93f48f/de4f05d2/8d57feea: C34
  /ef93f48f/d9a76fa1/8d57feea: C44
  /ef93f48f/aa1bfbde/8d57feea: C50
  /ef93f48f/9fdd3845/8d57feea: C26
  /ef93f48f/17124f3f/09999237: D54
  /ef93f48f/d9a76fa1/09999237: D42
  /ef93f48f/be806749/09999237: D30
  /ef93f48f/30ccafa7/09999237: D21
  /ef93f48f/e5cab2cf/09999237: D12
  /ef93f48f/6cedff79/09999237: D45
  /ef93f48f/aa1bfbde/09999237: D51
  /ef93f48f/df3cfbf1/09999237: D6
  /ef93f48f/9fdd3845/09999237: D15
  /ef93f48f/0fe1b816/09999237: D18
  /ef93f48f/ecd8499d/09999237: D39
  /ef93f48f/e8befe47/09999237: D24
  /ef93f48f/dddeff84/09999237: D33
  /ef93f48f/9646306e/09999237: D9
  /ef93f48f/de4f05d2/09999237: D27
  /23d46689/27d3218d/07be4288: C64
  /ef93f48f/e8befe47/c0ea8999: SW10
  /ef93f48f/9646306e/c0ea8999: SW5
  /ef93f48f/ecd8499d/2996ad77: D38
  /ef93f48f/17124f3f/c0ea8999: SW20
  /ef93f48f/17124f3f/2996ad77: D53
  /ef93f48f/df3cfbf1/2996ad77: D5
  /ef93f48f/de4f05d2/2996ad77: D26
  /ef93f48f/9646306e/2996ad77: D8
  /ef93f48f/30ccafa7/c0ea8999: SW9
  /ef93f48f/6cedff79/2996ad77: D44
  /ef93f48f/6cedff79/c0ea8999: SW17
  /ef93f48f/d9a76fa1/c0ea8999: SW16
  /ef93f48f/be806749/c0ea8999: SW12
  /ef93f48f/e5cab2cf/2996ad77: D11
  /ef93f48f/30ccafa7/2996ad77: D20
  /ef93f48f/e8befe47/2996ad77: D23
  /ef93f48f/aa1bfbde/c0ea8999: SW19
  /ef93f48f/0fe1b816/2996ad77: D17
  /ef93f48f/0fe1b816/c0ea8999: SW8
  /ef93f48f/9fdd3845/2996ad77: D14
  /ef93f48f/e5cab2cf/c0ea8999: SW6
  /ef93f48f/9fdd3845/c0ea8999: SW7
  /ef93f48f/ecd8499d/c0ea8999: SW15
  /ef93f48f/be806749/2996ad77: D29
  /ef93f48f/dddeff84/2996ad77: D32
  /ef93f48f/dddeff84/c0ea8999: SW13
  /ef93f48f/d9a76fa1/2996ad77: D41
  /ef93f48f/aa1bfbde/2996ad77: D50
  /ef93f48f/df3cfbf1/c0ea8999: SW4
  /ef93f48f/de4f05d2/c0ea8999: SW11
  /e6ab333d/e3d3daf7: D61
  /ef93f48f/ecd8499d/ebd59da3: D37
  /ef93f48f/d9a76fa1/ebd59da3: D40
  /ef93f48f/6cedff79/ebd59da3: D43
  /ef93f48f/aa1bfbde/ebd59da3: D49
  /ef93f48f/30ccafa7/ebd59da3: D19
  /ef93f48f/e8befe47/ebd59da3: D22
  /ef93f48f/de4f05d2/ebd59da3: D25
  /ef93f48f/dddeff84/ebd59da3: D31
  /23d46689/27d3218d/cdf7d856: D60
  /23d46689/df4eda55/cdf7d856: D59
  /ef93f48f/0fe1b816/ebd59da3: D16
  /ef93f48f/9fdd3845/ebd59da3: D13
  /23d46689/db7801ef/cdf7d856: D57
  /23d46689/1e591b65/cdf7d856: D56
  /ef93f48f/9646306e/ebd59da3: D7
  /ef93f48f/df2afecb/09999237: D3
  /ef93f48f/df2afecb/ebd59da3: D1
  /23d46689/1ad76d81/cdf7d856: D55
Checking /ef93f48f-e975-41f5-b90d-770a980a84dd: False.
Checking /ef93f48f-e975-41f5-b90d-770a980a84dd: False.
Checking /ef93f48f-e975-41f5-b90d-770a980a84dd: False.
Checking /ef93f48f-e975-41f5-b90d-770a980a84dd: False.
Checking /23d46689-c88a-4d8a-9ead-5dd5573c8b8b: False.
Checking /23d46689-c88a-4d8a-9ead-5dd5573c8b8b: False.
Checking /23d46689-c88a-4d8a-9ead-5dd5573c8b8b: False.
Checking /23d46689-c88a-4d8a-9ead-5dd5573c8b8b: False.
Checking /23d46689-c88a-4d8a-9ead-5dd5573c8b8b: False.
Checking /23d46689-c88a-4d8a-9ead-5dd5573c8b8b: False.
Selected for 1 : /home/jonathan/Programming/Workspace/Keyboards/jchamer_cheapino/pcb/Underglow_LED.kicad_pcb
Anchors  (D1): ['C1', 'C2', 'D1']
Selected for 0 : /home/jonathan/Programming/Workspace/Keyboards/jchamer_cheapino/pcb/KeySwitch_RGB.kicad_pcb
Anchors  (SW1): ['C1', 'C2', 'D1', 'D2', 'D3', 'SW1']
Checking /23d46689-c88a-4d8a-9ead-5dd5573c8b8b: False.
Checking /23d46689-c88a-4d8a-9ead-5dd5573c8b8b: False.
Checking /23d46689-c88a-4d8a-9ead-5dd5573c8b8b: False.
Checking /23d46689-c88a-4d8a-9ead-5dd5573c8b8b: False.
Checking /23d46689-c88a-4d8a-9ead-5dd5573c8b8b: False.
Checking /23d46689-c88a-4d8a-9ead-5dd5573c8b8b: False.
Selected for 1 : /home/jonathan/Programming/Workspace/Keyboards/jchamer_cheapino/pcb/Underglow_LED.kicad_pcb
Anchors  (D1): ['C1', 'C2', 'D1']
Selected for 0 : /home/jonathan/Programming/Workspace/Keyboards/jchamer_cheapino/pcb/KeySwitch_RGB.kicad_pcb
Anchors  (SW1): ['C1', 'C2', 'D1', 'D2', 'D3', 'SW1']
Selected for 1 : /home/jonathan/Programming/Workspace/Keyboards/jchamer_cheapino/pcb/Underglow_LED.kicad_pcb
Anchors  (D1): ['C1', 'C2', 'D1']
Checking /23d46689-c88a-4d8a-9ead-5dd5573c8b8b: False.
Checking /23d46689-c88a-4d8a-9ead-5dd5573c8b8b: False.
Checking /23d46689-c88a-4d8a-9ead-5dd5573c8b8b: False.
Checking /23d46689-c88a-4d8a-9ead-5dd5573c8b8b: False.
Checking /23d46689-c88a-4d8a-9ead-5dd5573c8b8b: False.
Checking /23d46689-c88a-4d8a-9ead-5dd5573c8b8b: False.
Selected for 0 : /home/jonathan/Programming/Workspace/Keyboards/jchamer_cheapino/pcb/KeySwitch_RGB.kicad_pcb
Anchors  (SW1): ['C1', 'C2', 'D1', 'D2', 'D3', 'SW1']
Selected for 1 : /home/jonathan/Programming/Workspace/Keyboards/jchamer_cheapino/pcb/Underglow_LED.kicad_pcb
Anchors  (D1): ['C1', 'C2', 'D1']
Selected for 0 : /home/jonathan/Programming/Workspace/Keyboards/jchamer_cheapino/pcb/KeySwitch_RGB.kicad_pcb
Anchors  (SW1): ['C1', 'C2', 'D1', 'D2', 'D3', 'SW1']
Saved.
